16-08-2024 16:20:16 [INFO]: Request from /api/kanto in PokemonNames.js was successful.
16-08-2024 16:20:16 [INFO]: Request from /api/johto in PokemonNames.js was successful.
16-08-2024 16:20:16 [INFO]: Request from /api/hoenn in PokemonNames.js was successful.
16-08-2024 16:20:16 [INFO]: Request from /api/sinnoh in PokemonNames.js was successful.
16-08-2024 16:20:16 [INFO]: Request from /api/unova in PokemonNames.js was successful.
16-08-2024 16:20:16 [INFO]: Request from /api/kalos in PokemonNames.js was successful.
16-08-2024 16:20:16 [INFO]: Request from /api/alola in PokemonNames.js was successful.
16-08-2024 16:20:16 [INFO]: Request from /api/galar in PokemonNames.js was successful.
16-08-2024 16:20:16 [INFO]: Request from /api/hisui in PokemonNames.js was successful.
16-08-2024 16:20:16 [INFO]: Request from /api/paldea in PokemonNames.js was successful.
16-08-2024 17:40:05 [INFO]: Request from /api/kanto in PokemonNames was successful.
16-08-2024 17:40:05 [INFO]: Request from /api/johto in PokemonNames was successful.
16-08-2024 17:40:05 [INFO]: Request from /api/hoenn in PokemonNames was successful.
16-08-2024 17:40:05 [INFO]: Request from /api/sinnoh in PokemonNames was successful.
16-08-2024 17:40:05 [INFO]: Request from /api/unova in PokemonNames was successful.
16-08-2024 17:40:05 [INFO]: Request from /api/kalos in PokemonNames was successful.
16-08-2024 17:40:05 [INFO]: Request from /api/alola in PokemonNames was successful.
16-08-2024 17:40:05 [INFO]: Request from /api/galar in PokemonNames was successful.
16-08-2024 17:40:05 [INFO]: Request from /api/hisui in PokemonNames was successful.
16-08-2024 17:40:05 [INFO]: Request from /api/paldea in PokemonNames was successful.
16-08-2024 17:40:22 [INFO]: Request from /api/kanto in PokemonNames was successful.
16-08-2024 17:40:22 [INFO]: Request from /api/johto in PokemonNames was successful.
16-08-2024 17:40:22 [INFO]: Request from /api/hoenn in PokemonNames was successful.
16-08-2024 17:40:22 [INFO]: Request from /api/sinnoh in PokemonNames was successful.
16-08-2024 17:40:22 [INFO]: Request from /api/unova in PokemonNames was successful.
16-08-2024 17:40:22 [INFO]: Request from /api/kalos in PokemonNames was successful.
16-08-2024 17:40:22 [INFO]: Request from /api/alola in PokemonNames was successful.
16-08-2024 17:40:22 [INFO]: Request from /api/galar in PokemonNames was successful.
16-08-2024 17:40:22 [INFO]: Request from /api/hisui in PokemonNames was successful.
16-08-2024 17:40:22 [INFO]: Request from /api/paldea in PokemonNames was successful.
16-08-2024 17:43:05 [INFO]: Request from /api/kanto in PokemonNames was successful.
16-08-2024 17:43:05 [INFO]: Request from /api/johto in PokemonNames was successful.
16-08-2024 17:43:05 [INFO]: Request from /api/hoenn in PokemonNames was successful.
16-08-2024 17:43:05 [INFO]: Request from /api/sinnoh in PokemonNames was successful.
16-08-2024 17:43:05 [INFO]: Request from /api/unova in PokemonNames was successful.
16-08-2024 17:43:05 [INFO]: Request from /api/kalos in PokemonNames was successful.
16-08-2024 17:43:05 [INFO]: Request from /api/alola in PokemonNames was successful.
16-08-2024 17:43:05 [INFO]: Request from /api/galar in PokemonNames was successful.
16-08-2024 17:43:05 [INFO]: Request from /api/hisui in PokemonNames was successful.
16-08-2024 17:43:05 [INFO]: Request from /api/paldea in PokemonNames was successful.
16-08-2024 17:44:30 [INFO]: Request from /api/kanto in PokemonNames was successful.
16-08-2024 17:44:30 [INFO]: Request from /api/johto in PokemonNames was successful.
16-08-2024 17:44:30 [INFO]: Request from /api/hoenn in PokemonNames was successful.
16-08-2024 17:44:30 [INFO]: Request from /api/sinnoh in PokemonNames was successful.
16-08-2024 17:44:30 [INFO]: Request from /api/unova in PokemonNames was successful.
16-08-2024 17:44:30 [INFO]: Request from /api/kalos in PokemonNames was successful.
16-08-2024 17:44:30 [INFO]: Request from /api/alola in PokemonNames was successful.
16-08-2024 17:44:30 [INFO]: Request from /api/galar in PokemonNames was successful.
16-08-2024 17:44:30 [INFO]: Request from /api/hisui in PokemonNames was successful.
16-08-2024 17:44:30 [INFO]: Request from /api/paldea in PokemonNames was successful.
16-08-2024 17:45:13 [INFO]: Request from /api/kanto in PokemonNames was successful.
16-08-2024 17:45:13 [INFO]: Request from /api/johto in PokemonNames was successful.
16-08-2024 17:45:13 [INFO]: Request from /api/hoenn in PokemonNames was successful.
16-08-2024 17:45:13 [INFO]: Request from /api/sinnoh in PokemonNames was successful.
16-08-2024 17:45:13 [INFO]: Request from /api/unova in PokemonNames was successful.
16-08-2024 17:45:13 [INFO]: Request from /api/kalos in PokemonNames was successful.
16-08-2024 17:45:13 [INFO]: Request from /api/alola in PokemonNames was successful.
16-08-2024 17:45:13 [INFO]: Request from /api/galar in PokemonNames was successful.
16-08-2024 17:45:13 [INFO]: Request from /api/hisui in PokemonNames was successful.
16-08-2024 17:45:13 [INFO]: Request from /api/paldea in PokemonNames was successful.
16-08-2024 17:45:55 [INFO]: Request from /api/kanto in PokemonNames was successful.
16-08-2024 17:45:55 [INFO]: Request from /api/johto in PokemonNames was successful.
16-08-2024 17:45:55 [INFO]: Request from /api/hoenn in PokemonNames was successful.
16-08-2024 17:45:55 [INFO]: Request from /api/sinnoh in PokemonNames was successful.
16-08-2024 17:45:55 [INFO]: Request from /api/unova in PokemonNames was successful.
16-08-2024 17:45:55 [INFO]: Request from /api/kalos in PokemonNames was successful.
16-08-2024 17:45:55 [INFO]: Request from /api/alola in PokemonNames was successful.
16-08-2024 17:45:55 [INFO]: Request from /api/galar in PokemonNames was successful.
16-08-2024 17:45:55 [INFO]: Request from /api/hisui in PokemonNames was successful.
16-08-2024 17:45:55 [INFO]: Request from /api/paldea in PokemonNames was successful.
16-08-2024 17:46:02 [INFO]: Request from /api/kanto in PokemonNames was successful.
16-08-2024 17:46:02 [INFO]: Request from /api/johto in PokemonNames was successful.
16-08-2024 17:46:02 [INFO]: Request from /api/hoenn in PokemonNames was successful.
16-08-2024 17:46:02 [INFO]: Request from /api/sinnoh in PokemonNames was successful.
16-08-2024 17:46:02 [INFO]: Request from /api/unova in PokemonNames was successful.
16-08-2024 17:46:02 [INFO]: Request from /api/kalos in PokemonNames was successful.
16-08-2024 17:46:02 [INFO]: Request from /api/alola in PokemonNames was successful.
16-08-2024 17:46:02 [INFO]: Request from /api/galar in PokemonNames was successful.
16-08-2024 17:46:02 [INFO]: Request from /api/hisui in PokemonNames was successful.
16-08-2024 17:46:02 [INFO]: Request from /api/paldea in PokemonNames was successful.
16-08-2024 17:48:04 [INFO]: Request from /api/kanto in PokemonNames was successful.
16-08-2024 17:48:04 [INFO]: Request from /api/johto in PokemonNames was successful.
16-08-2024 17:48:04 [INFO]: Request from /api/hoenn in PokemonNames was successful.
16-08-2024 17:48:04 [INFO]: Request from /api/sinnoh in PokemonNames was successful.
16-08-2024 17:48:04 [INFO]: Request from /api/unova in PokemonNames was successful.
16-08-2024 17:48:04 [INFO]: Request from /api/kalos in PokemonNames was successful.
16-08-2024 17:48:04 [INFO]: Request from /api/alola in PokemonNames was successful.
16-08-2024 17:48:04 [INFO]: Request from /api/galar in PokemonNames was successful.
16-08-2024 17:48:04 [INFO]: Request from /api/hisui in PokemonNames was successful.
16-08-2024 17:48:04 [INFO]: Request from /api/paldea in PokemonNames was successful.
16-08-2024 17:51:08 [INFO]: Request from /api/kanto in PokemonNames was successful.
16-08-2024 17:51:08 [INFO]: Request from /api/johto in PokemonNames was successful.
16-08-2024 17:51:08 [INFO]: Request from /api/hoenn in PokemonNames was successful.
16-08-2024 17:51:08 [INFO]: Request from /api/sinnoh in PokemonNames was successful.
16-08-2024 17:51:08 [INFO]: Request from /api/unova in PokemonNames was successful.
16-08-2024 17:51:08 [INFO]: Request from /api/kalos in PokemonNames was successful.
16-08-2024 17:51:08 [INFO]: Request from /api/alola in PokemonNames was successful.
16-08-2024 17:51:08 [INFO]: Request from /api/galar in PokemonNames was successful.
16-08-2024 17:51:08 [INFO]: Request from /api/hisui in PokemonNames was successful.
16-08-2024 17:51:08 [INFO]: Request from /api/paldea in PokemonNames was successful.
17-08-2024 01:01:42 [INFO]: Request from /api/kanto in PokemonNames was successful.
17-08-2024 01:01:42 [INFO]: Request from /api/johto in PokemonNames was successful.
17-08-2024 01:01:42 [INFO]: Request from /api/hoenn in PokemonNames was successful.
17-08-2024 01:01:42 [INFO]: Request from /api/sinnoh in PokemonNames was successful.
17-08-2024 01:01:42 [INFO]: Request from /api/unova in PokemonNames was successful.
17-08-2024 01:01:42 [INFO]: Request from /api/kalos in PokemonNames was successful.
17-08-2024 01:01:42 [INFO]: Request from /api/alola in PokemonNames was successful.
17-08-2024 01:01:42 [INFO]: Request from /api/galar in PokemonNames was successful.
17-08-2024 01:01:42 [INFO]: Request from /api/hisui in PokemonNames was successful.
17-08-2024 01:01:42 [INFO]: Request from /api/paldea in PokemonNames was successful.
17-08-2024 01:04:32 [INFO]: Request from /api/kanto in PokemonNames was successful.
17-08-2024 01:04:32 [INFO]: Request from /api/johto in PokemonNames was successful.
17-08-2024 01:04:32 [INFO]: Request from /api/hoenn in PokemonNames was successful.
17-08-2024 01:04:32 [INFO]: Request from /api/sinnoh in PokemonNames was successful.
17-08-2024 01:04:32 [INFO]: Request from /api/unova in PokemonNames was successful.
17-08-2024 01:04:32 [INFO]: Request from /api/kalos in PokemonNames was successful.
17-08-2024 01:04:32 [INFO]: Request from /api/alola in PokemonNames was successful.
17-08-2024 01:04:32 [INFO]: Request from /api/galar in PokemonNames was successful.
17-08-2024 01:04:32 [INFO]: Request from /api/hisui in PokemonNames was successful.
17-08-2024 01:04:32 [INFO]: Request from /api/paldea in PokemonNames was successful.
17-08-2024 01:04:39 [INFO]: Request from /api/kanto in PokemonNames was successful.
17-08-2024 01:04:39 [INFO]: Request from /api/johto in PokemonNames was successful.
17-08-2024 01:04:39 [INFO]: Request from /api/hoenn in PokemonNames was successful.
17-08-2024 01:04:39 [INFO]: Request from /api/sinnoh in PokemonNames was successful.
17-08-2024 01:04:39 [INFO]: Request from /api/unova in PokemonNames was successful.
17-08-2024 01:04:39 [INFO]: Request from /api/kalos in PokemonNames was successful.
17-08-2024 01:04:39 [INFO]: Request from /api/alola in PokemonNames was successful.
17-08-2024 01:04:39 [INFO]: Request from /api/galar in PokemonNames was successful.
17-08-2024 01:04:39 [INFO]: Request from /api/hisui in PokemonNames was successful.
17-08-2024 01:04:39 [INFO]: Request from /api/paldea in PokemonNames was successful.
17-08-2024 01:10:00 [INFO]: Request from /api/kanto in PokemonNames was successful.
17-08-2024 01:10:00 [INFO]: Request from /api/johto in PokemonNames was successful.
17-08-2024 01:10:00 [INFO]: Request from /api/hoenn in PokemonNames was successful.
17-08-2024 01:10:00 [INFO]: Request from /api/sinnoh in PokemonNames was successful.
17-08-2024 01:10:00 [INFO]: Request from /api/unova in PokemonNames was successful.
17-08-2024 01:10:00 [INFO]: Request from /api/kalos in PokemonNames was successful.
17-08-2024 01:10:00 [INFO]: Request from /api/alola in PokemonNames was successful.
17-08-2024 01:10:00 [INFO]: Request from /api/galar in PokemonNames was successful.
17-08-2024 01:10:00 [INFO]: Request from /api/hisui in PokemonNames was successful.
17-08-2024 01:10:00 [INFO]: Request from /api/paldea in PokemonNames was successful.
17-08-2024 01:20:30 [INFO]: Request from /api/kanto in PokemonNames was successful.
17-08-2024 01:20:30 [INFO]: Request from /api/johto in PokemonNames was successful.
17-08-2024 01:20:30 [INFO]: Request from /api/hoenn in PokemonNames was successful.
17-08-2024 01:20:30 [INFO]: Request from /api/sinnoh in PokemonNames was successful.
17-08-2024 01:20:30 [INFO]: Request from /api/unova in PokemonNames was successful.
17-08-2024 01:20:30 [INFO]: Request from /api/kalos in PokemonNames was successful.
17-08-2024 01:20:30 [INFO]: Request from /api/alola in PokemonNames was successful.
17-08-2024 01:20:30 [INFO]: Request from /api/galar in PokemonNames was successful.
17-08-2024 01:20:30 [INFO]: Request from /api/hisui in PokemonNames was successful.
17-08-2024 01:20:30 [INFO]: Request from /api/paldea in PokemonNames was successful.
17-08-2024 01:44:35 [INFO]: Request from /api/kanto in PokemonNames was successful.
17-08-2024 01:44:35 [INFO]: Request from /api/johto in PokemonNames was successful.
17-08-2024 01:44:35 [INFO]: Request from /api/hoenn in PokemonNames was successful.
17-08-2024 01:44:35 [INFO]: Request from /api/sinnoh in PokemonNames was successful.
17-08-2024 01:44:35 [INFO]: Request from /api/unova in PokemonNames was successful.
17-08-2024 01:44:35 [INFO]: Request from /api/kalos in PokemonNames was successful.
17-08-2024 01:44:35 [INFO]: Request from /api/alola in PokemonNames was successful.
17-08-2024 01:44:35 [INFO]: Request from /api/galar in PokemonNames was successful.
17-08-2024 01:44:35 [INFO]: Request from /api/hisui in PokemonNames was successful.
17-08-2024 01:44:35 [INFO]: Request from /api/paldea in PokemonNames was successful.
17-08-2024 01:44:36 [INFO]: Request from /api/kanto in PokemonNames was successful.
17-08-2024 01:44:36 [INFO]: Request from /api/johto in PokemonNames was successful.
17-08-2024 01:44:36 [INFO]: Request from /api/hoenn in PokemonNames was successful.
17-08-2024 01:44:36 [INFO]: Request from /api/sinnoh in PokemonNames was successful.
17-08-2024 01:44:36 [INFO]: Request from /api/unova in PokemonNames was successful.
17-08-2024 01:44:36 [INFO]: Request from /api/kalos in PokemonNames was successful.
17-08-2024 01:44:36 [INFO]: Request from /api/alola in PokemonNames was successful.
17-08-2024 01:44:36 [INFO]: Request from /api/galar in PokemonNames was successful.
17-08-2024 01:44:36 [INFO]: Request from /api/hisui in PokemonNames was successful.
17-08-2024 01:44:36 [INFO]: Request from /api/paldea in PokemonNames was successful.
17-08-2024 01:57:11 [INFO]: Request from /api/kanto in PokemonNames was successful.
17-08-2024 01:57:11 [INFO]: Request from /api/johto in PokemonNames was successful.
17-08-2024 01:57:11 [INFO]: Request from /api/hoenn in PokemonNames was successful.
17-08-2024 01:57:11 [INFO]: Request from /api/sinnoh in PokemonNames was successful.
17-08-2024 01:57:11 [INFO]: Request from /api/unova in PokemonNames was successful.
17-08-2024 01:57:11 [INFO]: Request from /api/kalos in PokemonNames was successful.
17-08-2024 01:57:11 [INFO]: Request from /api/alola in PokemonNames was successful.
17-08-2024 01:57:11 [INFO]: Request from /api/galar in PokemonNames was successful.
17-08-2024 01:57:11 [INFO]: Request from /api/hisui in PokemonNames was successful.
17-08-2024 01:57:11 [INFO]: Request from /api/paldea in PokemonNames was successful.
17-08-2024 01:58:04 [INFO]: Request from /api/kanto in PokemonNames was successful.
17-08-2024 01:58:04 [INFO]: Request from /api/johto in PokemonNames was successful.
17-08-2024 01:58:04 [INFO]: Request from /api/hoenn in PokemonNames was successful.
17-08-2024 01:58:04 [INFO]: Request from /api/sinnoh in PokemonNames was successful.
17-08-2024 01:58:04 [INFO]: Request from /api/unova in PokemonNames was successful.
17-08-2024 01:58:04 [INFO]: Request from /api/kalos in PokemonNames was successful.
17-08-2024 01:58:04 [INFO]: Request from /api/alola in PokemonNames was successful.
17-08-2024 01:58:04 [INFO]: Request from /api/galar in PokemonNames was successful.
17-08-2024 01:58:04 [INFO]: Request from /api/hisui in PokemonNames was successful.
17-08-2024 01:58:04 [INFO]: Request from /api/paldea in PokemonNames was successful.
17-08-2024 02:21:30 [INFO]: Request from /api/kanto in PokemonNames was successful.
17-08-2024 02:21:30 [INFO]: Request from /api/johto in PokemonNames was successful.
17-08-2024 02:21:30 [INFO]: Request from /api/hoenn in PokemonNames was successful.
17-08-2024 02:21:30 [INFO]: Request from /api/sinnoh in PokemonNames was successful.
17-08-2024 02:21:30 [INFO]: Request from /api/unova in PokemonNames was successful.
17-08-2024 02:21:30 [INFO]: Request from /api/kalos in PokemonNames was successful.
17-08-2024 02:21:30 [INFO]: Request from /api/alola in PokemonNames was successful.
17-08-2024 02:21:30 [INFO]: Request from /api/galar in PokemonNames was successful.
17-08-2024 02:21:30 [INFO]: Request from /api/hisui in PokemonNames was successful.
17-08-2024 02:21:30 [INFO]: Request from /api/paldea in PokemonNames was successful.
17-08-2024 02:35:03 [ERROR]: Request from /api/kanto in PokemonNames was unsuccessful.
17-08-2024 02:35:03 [INFO]: Request from /api/johto in PokemonNames was successful.
17-08-2024 02:35:03 [INFO]: Request from /api/hoenn in PokemonNames was successful.
17-08-2024 02:35:03 [INFO]: Request from /api/sinnoh in PokemonNames was successful.
17-08-2024 02:35:03 [INFO]: Request from /api/unova in PokemonNames was successful.
17-08-2024 02:35:03 [INFO]: Request from /api/kalos in PokemonNames was successful.
17-08-2024 02:35:03 [INFO]: Request from /api/alola in PokemonNames was successful.
17-08-2024 02:35:03 [INFO]: Request from /api/galar in PokemonNames was successful.
17-08-2024 02:35:03 [INFO]: Request from /api/hisui in PokemonNames was successful.
17-08-2024 02:35:03 [INFO]: Request from /api/paldea in PokemonNames was successful.
17-08-2024 03:42:21 [ERROR]: Request from /api/kanto in PokemonNames was unsuccessful.
17-08-2024 03:42:21 [INFO]: Request from /api/johto in PokemonNames was successful.
17-08-2024 03:42:21 [INFO]: Request from /api/hoenn in PokemonNames was successful.
17-08-2024 03:42:21 [INFO]: Request from /api/sinnoh in PokemonNames was successful.
17-08-2024 03:42:21 [INFO]: Request from /api/unova in PokemonNames was successful.
17-08-2024 03:42:21 [INFO]: Request from /api/kalos in PokemonNames was successful.
17-08-2024 03:42:21 [INFO]: Request from /api/alola in PokemonNames was successful.
17-08-2024 03:42:21 [INFO]: Request from /api/galar in PokemonNames was successful.
17-08-2024 03:42:21 [INFO]: Request from /api/hisui in PokemonNames was successful.
17-08-2024 03:42:21 [INFO]: Request from /api/paldea in PokemonNames was successful.
17-08-2024 03:44:20 [INFO]: Request from /api/kanto in PokemonNames was successful.
17-08-2024 03:44:21 [INFO]: Request from /api/johto in PokemonNames was successful.
17-08-2024 03:44:21 [INFO]: Request from /api/hoenn in PokemonNames was successful.
17-08-2024 03:44:21 [INFO]: Request from /api/sinnoh in PokemonNames was successful.
17-08-2024 03:44:21 [INFO]: Request from /api/unova in PokemonNames was successful.
17-08-2024 03:44:21 [INFO]: Request from /api/kalos in PokemonNames was successful.
17-08-2024 03:44:21 [INFO]: Request from /api/alola in PokemonNames was successful.
17-08-2024 03:44:21 [INFO]: Request from /api/galar in PokemonNames was successful.
17-08-2024 03:44:21 [INFO]: Request from /api/hisui in PokemonNames was successful.
17-08-2024 03:44:21 [INFO]: Request from /api/paldea in PokemonNames was successful.
17-08-2024 03:46:43 [INFO]: Request from /api/kanto in PokemonNames was successful.
17-08-2024 03:46:43 [INFO]: Request from /api/johto in PokemonNames was successful.
17-08-2024 03:46:43 [INFO]: Request from /api/hoenn in PokemonNames was successful.
17-08-2024 03:46:43 [INFO]: Request from /api/sinnoh in PokemonNames was successful.
17-08-2024 03:46:43 [INFO]: Request from /api/unova in PokemonNames was successful.
17-08-2024 03:46:43 [INFO]: Request from /api/kalos in PokemonNames was successful.
17-08-2024 03:46:43 [INFO]: Request from /api/alola in PokemonNames was successful.
17-08-2024 03:46:43 [INFO]: Request from /api/galar in PokemonNames was successful.
17-08-2024 03:46:43 [INFO]: Request from /api/hisui in PokemonNames was successful.
17-08-2024 03:46:43 [INFO]: Request from /api/paldea in PokemonNames was successful.
17-08-2024 03:46:48 [INFO]: Request from /api/kanto in PokemonNames was successful.
17-08-2024 03:46:48 [INFO]: Request from /api/johto in PokemonNames was successful.
17-08-2024 03:46:48 [INFO]: Request from /api/hoenn in PokemonNames was successful.
17-08-2024 03:46:48 [INFO]: Request from /api/sinnoh in PokemonNames was successful.
17-08-2024 03:46:48 [INFO]: Request from /api/unova in PokemonNames was successful.
17-08-2024 03:46:48 [INFO]: Request from /api/kalos in PokemonNames was successful.
17-08-2024 03:46:48 [INFO]: Request from /api/alola in PokemonNames was successful.
17-08-2024 03:46:48 [INFO]: Request from /api/galar in PokemonNames was successful.
17-08-2024 03:46:48 [INFO]: Request from /api/hisui in PokemonNames was successful.
17-08-2024 03:46:48 [INFO]: Request from /api/paldea in PokemonNames was successful.
17-08-2024 03:47:46 [INFO]: Request from /api/kanto in PokemonNames was successful.
17-08-2024 03:47:46 [INFO]: Request from /api/johto in PokemonNames was successful.
17-08-2024 03:47:46 [INFO]: Request from /api/hoenn in PokemonNames was successful.
17-08-2024 03:47:46 [INFO]: Request from /api/sinnoh in PokemonNames was successful.
17-08-2024 03:47:46 [INFO]: Request from /api/unova in PokemonNames was successful.
17-08-2024 03:47:46 [INFO]: Request from /api/kalos in PokemonNames was successful.
17-08-2024 03:47:46 [INFO]: Request from /api/alola in PokemonNames was successful.
17-08-2024 03:47:46 [INFO]: Request from /api/galar in PokemonNames was successful.
17-08-2024 03:47:46 [INFO]: Request from /api/hisui in PokemonNames was successful.
17-08-2024 03:47:46 [INFO]: Request from /api/paldea in PokemonNames was successful.
17-08-2024 03:47:47 [INFO]: Request from /api/kanto in PokemonNames was successful.
17-08-2024 03:47:47 [INFO]: Request from /api/johto in PokemonNames was successful.
17-08-2024 03:47:47 [INFO]: Request from /api/hoenn in PokemonNames was successful.
17-08-2024 03:47:47 [INFO]: Request from /api/sinnoh in PokemonNames was successful.
17-08-2024 03:47:47 [INFO]: Request from /api/unova in PokemonNames was successful.
17-08-2024 03:47:47 [INFO]: Request from /api/kalos in PokemonNames was successful.
17-08-2024 03:47:47 [INFO]: Request from /api/alola in PokemonNames was successful.
17-08-2024 03:47:47 [INFO]: Request from /api/galar in PokemonNames was successful.
17-08-2024 03:47:47 [INFO]: Request from /api/hisui in PokemonNames was successful.
17-08-2024 03:47:47 [INFO]: Request from /api/paldea in PokemonNames was successful.
17-08-2024 03:47:48 [INFO]: Request from /api/kanto in PokemonNames was successful.
17-08-2024 03:47:48 [INFO]: Request from /api/johto in PokemonNames was successful.
17-08-2024 03:47:48 [INFO]: Request from /api/hoenn in PokemonNames was successful.
17-08-2024 03:47:48 [INFO]: Request from /api/sinnoh in PokemonNames was successful.
17-08-2024 03:47:48 [INFO]: Request from /api/unova in PokemonNames was successful.
17-08-2024 03:47:48 [INFO]: Request from /api/kalos in PokemonNames was successful.
17-08-2024 03:47:48 [INFO]: Request from /api/alola in PokemonNames was successful.
17-08-2024 03:47:48 [INFO]: Request from /api/galar in PokemonNames was successful.
17-08-2024 03:47:48 [INFO]: Request from /api/hisui in PokemonNames was successful.
17-08-2024 03:47:48 [INFO]: Request from /api/paldea in PokemonNames was successful.
17-08-2024 03:47:48 [INFO]: Request from /api/kanto in PokemonNames was successful.
17-08-2024 03:47:48 [INFO]: Request from /api/johto in PokemonNames was successful.
17-08-2024 03:47:48 [INFO]: Request from /api/hoenn in PokemonNames was successful.
17-08-2024 03:47:48 [INFO]: Request from /api/sinnoh in PokemonNames was successful.
17-08-2024 03:47:48 [INFO]: Request from /api/unova in PokemonNames was successful.
17-08-2024 03:47:48 [INFO]: Request from /api/kalos in PokemonNames was successful.
17-08-2024 03:47:48 [INFO]: Request from /api/alola in PokemonNames was successful.
17-08-2024 03:47:48 [INFO]: Request from /api/galar in PokemonNames was successful.
17-08-2024 03:47:48 [INFO]: Request from /api/hisui in PokemonNames was successful.
17-08-2024 03:47:48 [INFO]: Request from /api/paldea in PokemonNames was successful.
17-08-2024 03:47:48 [INFO]: Request from /api/kanto in PokemonNames was successful.
17-08-2024 03:47:48 [INFO]: Request from /api/johto in PokemonNames was successful.
17-08-2024 03:47:48 [INFO]: Request from /api/hoenn in PokemonNames was successful.
17-08-2024 03:47:48 [INFO]: Request from /api/sinnoh in PokemonNames was successful.
17-08-2024 03:47:48 [INFO]: Request from /api/unova in PokemonNames was successful.
17-08-2024 03:47:48 [INFO]: Request from /api/kalos in PokemonNames was successful.
17-08-2024 03:47:48 [INFO]: Request from /api/alola in PokemonNames was successful.
17-08-2024 03:47:48 [INFO]: Request from /api/galar in PokemonNames was successful.
17-08-2024 03:47:48 [INFO]: Request from /api/hisui in PokemonNames was successful.
17-08-2024 03:47:48 [INFO]: Request from /api/paldea in PokemonNames was successful.
17-08-2024 03:47:48 [INFO]: Request from /api/kanto in PokemonNames was successful.
17-08-2024 03:47:48 [INFO]: Request from /api/johto in PokemonNames was successful.
17-08-2024 03:47:48 [INFO]: Request from /api/hoenn in PokemonNames was successful.
17-08-2024 03:47:48 [INFO]: Request from /api/sinnoh in PokemonNames was successful.
17-08-2024 03:47:48 [INFO]: Request from /api/unova in PokemonNames was successful.
17-08-2024 03:47:48 [INFO]: Request from /api/kalos in PokemonNames was successful.
17-08-2024 03:47:48 [INFO]: Request from /api/alola in PokemonNames was successful.
17-08-2024 03:47:48 [INFO]: Request from /api/galar in PokemonNames was successful.
17-08-2024 03:47:48 [INFO]: Request from /api/hisui in PokemonNames was successful.
17-08-2024 03:47:48 [INFO]: Request from /api/paldea in PokemonNames was successful.
17-08-2024 03:53:40 [INFO]: Request from /api/kanto in PokemonNames was successful.
17-08-2024 03:53:40 [INFO]: Request from /api/johto in PokemonNames was successful.
17-08-2024 03:53:40 [INFO]: Request from /api/hoenn in PokemonNames was successful.
17-08-2024 03:53:40 [INFO]: Request from /api/sinnoh in PokemonNames was successful.
17-08-2024 03:53:40 [INFO]: Request from /api/unova in PokemonNames was successful.
17-08-2024 03:53:40 [INFO]: Request from /api/kalos in PokemonNames was successful.
17-08-2024 03:53:40 [INFO]: Request from /api/alola in PokemonNames was successful.
17-08-2024 03:53:40 [INFO]: Request from /api/galar in PokemonNames was successful.
17-08-2024 03:53:40 [INFO]: Request from /api/hisui in PokemonNames was successful.
17-08-2024 03:53:40 [INFO]: Request from /api/paldea in PokemonNames was successful.
17-08-2024 03:55:27 [INFO]: Request from /api/kanto in PokemonNames was successful.
17-08-2024 03:55:27 [INFO]: Request from /api/johto in PokemonNames was successful.
17-08-2024 03:55:27 [INFO]: Request from /api/hoenn in PokemonNames was successful.
17-08-2024 03:55:27 [INFO]: Request from /api/sinnoh in PokemonNames was successful.
17-08-2024 03:55:27 [INFO]: Request from /api/unova in PokemonNames was successful.
17-08-2024 03:55:27 [INFO]: Request from /api/kalos in PokemonNames was successful.
17-08-2024 03:55:27 [INFO]: Request from /api/alola in PokemonNames was successful.
17-08-2024 03:55:27 [INFO]: Request from /api/galar in PokemonNames was successful.
17-08-2024 03:55:27 [INFO]: Request from /api/hisui in PokemonNames was successful.
17-08-2024 03:55:27 [INFO]: Request from /api/paldea in PokemonNames was successful.
17-08-2024 03:55:50 [INFO]: Request from /api/kanto in PokemonNames was successful.
17-08-2024 03:55:50 [INFO]: Request from /api/johto in PokemonNames was successful.
17-08-2024 03:55:50 [INFO]: Request from /api/hoenn in PokemonNames was successful.
17-08-2024 03:55:50 [INFO]: Request from /api/sinnoh in PokemonNames was successful.
17-08-2024 03:55:50 [INFO]: Request from /api/unova in PokemonNames was successful.
17-08-2024 03:55:50 [INFO]: Request from /api/kalos in PokemonNames was successful.
17-08-2024 03:55:50 [INFO]: Request from /api/alola in PokemonNames was successful.
17-08-2024 03:55:50 [INFO]: Request from /api/galar in PokemonNames was successful.
17-08-2024 03:55:50 [INFO]: Request from /api/hisui in PokemonNames was successful.
17-08-2024 03:55:50 [INFO]: Request from /api/paldea in PokemonNames was successful.
17-08-2024 04:02:55 [INFO]: Request from /api/kanto in PokemonNames was successful.
17-08-2024 04:02:55 [INFO]: Request from /api/johto in PokemonNames was successful.
17-08-2024 04:02:55 [INFO]: Request from /api/hoenn in PokemonNames was successful.
17-08-2024 04:02:55 [INFO]: Request from /api/sinnoh in PokemonNames was successful.
17-08-2024 04:02:55 [INFO]: Request from /api/unova in PokemonNames was successful.
17-08-2024 04:02:55 [INFO]: Request from /api/kalos in PokemonNames was successful.
17-08-2024 04:02:55 [INFO]: Request from /api/alola in PokemonNames was successful.
17-08-2024 04:02:55 [INFO]: Request from /api/galar in PokemonNames was successful.
17-08-2024 04:02:55 [INFO]: Request from /api/hisui in PokemonNames was successful.
17-08-2024 04:02:55 [INFO]: Request from /api/paldea in PokemonNames was successful.
