16-08-2024 17:40:09 [INFO]: Request from /addfavorite in Favorites was successful
16-08-2024 17:40:09 [INFO]: Request from /favorites in Favorites was successful.
16-08-2024 17:40:27 [INFO]: Request from /addfavorite in Favorites was successful
16-08-2024 17:40:27 [INFO]: Request from /favorites in Favorites was successful.
16-08-2024 17:43:07 [INFO]: Request from /addfavorite in Favorites was successful
16-08-2024 17:43:07 [INFO]: Request from /favorites in Favorites was successful.
16-08-2024 17:44:26 [INFO]: Request from /addfavorite in Favorites was successful
16-08-2024 17:44:26 [INFO]: Request from /favorites in Favorites was successful.
16-08-2024 17:44:33 [INFO]: Request from /addfavorite in Favorites was successful
16-08-2024 17:44:33 [INFO]: Request from /favorites in Favorites was successful.
16-08-2024 17:44:57 [INFO]: Request from /favorites in Favorites was successful.
16-08-2024 17:44:59 [INFO]: Request from /favorites in Favorites was successful.
16-08-2024 17:45:00 [INFO]: Request from /favorites in Favorites was successful.
16-08-2024 17:45:13 [INFO]: Request from /favorites in Favorites was successful.
16-08-2024 17:45:15 [INFO]: Request from /addfavorite in Favorites was successful.
16-08-2024 17:45:15 [INFO]: Request from /favorites in Favorites was successful.
16-08-2024 17:45:21 [INFO]: Request from /addfavorite in Favorites was successful
16-08-2024 17:45:21 [INFO]: Request from /favorites in Favorites was successful.
16-08-2024 17:48:04 [INFO]: Request from /favorites in Favorites was successful.
16-08-2024 17:48:05 [INFO]: Request from /addfavorite in Favorites was successful.
16-08-2024 17:48:05 [INFO]: Request from /favorites in Favorites was successful.
16-08-2024 17:48:10 [INFO]: Request from /addfavorite in Favorites was successful
16-08-2024 17:48:10 [INFO]: Request from /favorites in Favorites was successful.
16-08-2024 17:48:15 [INFO]: Request from /addfavorite in Favorites was successful
16-08-2024 17:48:15 [INFO]: Request from /favorites in Favorites was successful.
16-08-2024 17:48:16 [INFO]: Request from /addfavorite in Favorites was successful.
16-08-2024 17:48:16 [INFO]: Request from /favorites in Favorites was successful.
16-08-2024 17:49:30 [INFO]: Request from /addfavorite in Favorites was successful
16-08-2024 17:49:30 [INFO]: Request from /favorites in Favorites was successful.
16-08-2024 17:49:33 [INFO]: Request from /addfavorite in Favorites was successful
16-08-2024 17:49:33 [INFO]: Request from /favorites in Favorites was successful.
16-08-2024 17:49:36 [INFO]: Request from /addfavorite in Favorites was successful
16-08-2024 17:49:36 [INFO]: Request from /favorites in Favorites was successful.
16-08-2024 17:49:39 [INFO]: Request from /addfavorite in Favorites was successful
16-08-2024 17:49:39 [INFO]: Request from /favorites in Favorites was successful.
16-08-2024 17:49:47 [INFO]: Request from /addfavorite in Favorites was successful
16-08-2024 17:49:47 [INFO]: Request from /favorites in Favorites was successful.
16-08-2024 17:49:51 [INFO]: Request from /addfavorite in Favorites was successful
16-08-2024 17:49:51 [INFO]: Request from /favorites in Favorites was successful.
16-08-2024 17:49:57 [INFO]: Request from /addfavorite in Favorites was successful
16-08-2024 17:49:57 [INFO]: Request from /favorites in Favorites was successful.
16-08-2024 17:50:04 [INFO]: Request from /addfavorite in Favorites was successful
16-08-2024 17:50:04 [INFO]: Request from /favorites in Favorites was successful.
16-08-2024 17:50:54 [INFO]: Request from /addfavorite in Favorites was successful.
16-08-2024 17:50:54 [INFO]: Request from /favorites in Favorites was successful.
16-08-2024 17:50:56 [INFO]: Request from /addfavorite in Favorites was successful.
16-08-2024 17:50:56 [INFO]: Request from /favorites in Favorites was successful.
16-08-2024 17:50:57 [INFO]: Request from /addfavorite in Favorites was successful.
16-08-2024 17:50:57 [INFO]: Request from /favorites in Favorites was successful.
16-08-2024 17:50:59 [INFO]: Request from /addfavorite in Favorites was successful.
16-08-2024 17:50:59 [INFO]: Request from /favorites in Favorites was successful.
16-08-2024 17:50:59 [INFO]: Request from /addfavorite in Favorites was successful.
16-08-2024 17:50:59 [INFO]: Request from /favorites in Favorites was successful.
16-08-2024 17:50:59 [INFO]: Request from /addfavorite in Favorites was successful.
16-08-2024 17:50:59 [INFO]: Request from /favorites in Favorites was successful.
16-08-2024 17:51:00 [INFO]: Request from /addfavorite in Favorites was successful.
16-08-2024 17:51:00 [INFO]: Request from /favorites in Favorites was successful.
16-08-2024 17:51:00 [INFO]: Request from /addfavorite in Favorites was successful.
16-08-2024 17:51:00 [INFO]: Request from /favorites in Favorites was successful.
16-08-2024 17:51:00 [INFO]: Request from /addfavorite in Favorites was successful.
16-08-2024 17:51:00 [INFO]: Request from /favorites in Favorites was successful.
16-08-2024 17:51:01 [INFO]: Request from /addfavorite in Favorites was successful.
16-08-2024 17:51:01 [INFO]: Request from /favorites in Favorites was successful.
16-08-2024 17:51:01 [INFO]: Request from /addfavorite in Favorites was successful.
16-08-2024 17:51:01 [INFO]: Request from /favorites in Favorites was successful.
16-08-2024 17:51:01 [INFO]: Request from /addfavorite in Favorites was successful.
16-08-2024 17:51:01 [INFO]: Request from /favorites in Favorites was successful.
16-08-2024 17:51:02 [INFO]: Request from /addfavorite in Favorites was successful.
16-08-2024 17:51:02 [INFO]: Request from /favorites in Favorites was successful.
16-08-2024 17:51:02 [INFO]: Request from /addfavorite in Favorites was successful.
16-08-2024 17:51:02 [INFO]: Request from /favorites in Favorites was successful.
16-08-2024 17:51:02 [INFO]: Request from /addfavorite in Favorites was successful.
16-08-2024 17:51:02 [INFO]: Request from /favorites in Favorites was successful.
16-08-2024 17:51:03 [INFO]: Request from /addfavorite in Favorites was successful.
16-08-2024 17:51:03 [INFO]: Request from /favorites in Favorites was successful.
16-08-2024 17:51:08 [INFO]: Request from /favorites in Favorites was successful.
16-08-2024 17:53:04 [INFO]: Request from /addfavorite in Favorites was successful
16-08-2024 17:53:04 [INFO]: Request from /favorites in Favorites was successful.
16-08-2024 17:53:08 [INFO]: Request from /addfavorite in Favorites was successful
16-08-2024 17:53:08 [INFO]: Request from /favorites in Favorites was successful.
16-08-2024 17:53:12 [INFO]: Request from /addfavorite in Favorites was successful
16-08-2024 17:53:12 [INFO]: Request from /favorites in Favorites was successful.
16-08-2024 17:53:14 [INFO]: Request from /addfavorite in Favorites was successful
16-08-2024 17:53:14 [INFO]: Request from /favorites in Favorites was successful.
16-08-2024 17:53:16 [INFO]: Request from /addfavorite in Favorites was successful
16-08-2024 17:53:16 [INFO]: Request from /favorites in Favorites was successful.
16-08-2024 17:53:18 [INFO]: Request from /addfavorite in Favorites was successful
16-08-2024 17:53:18 [INFO]: Request from /favorites in Favorites was successful.
16-08-2024 17:53:30 [INFO]: Request from /addfavorite in Favorites was successful.
16-08-2024 17:53:30 [INFO]: Request from /favorites in Favorites was successful.
16-08-2024 17:53:31 [INFO]: Request from /addfavorite in Favorites was successful.
16-08-2024 17:53:32 [INFO]: Request from /favorites in Favorites was successful.
16-08-2024 17:53:33 [INFO]: Request from /addfavorite in Favorites was successful.
16-08-2024 17:53:33 [INFO]: Request from /favorites in Favorites was successful.
16-08-2024 17:53:34 [INFO]: Request from /addfavorite in Favorites was successful.
16-08-2024 17:53:34 [INFO]: Request from /favorites in Favorites was successful.
16-08-2024 17:53:36 [INFO]: Request from /addfavorite in Favorites was successful
16-08-2024 17:53:36 [INFO]: Request from /favorites in Favorites was successful.
16-08-2024 17:53:41 [INFO]: Request from /addfavorite in Favorites was successful
16-08-2024 17:53:41 [INFO]: Request from /favorites in Favorites was successful.
16-08-2024 17:53:50 [INFO]: Request from /addfavorite in Favorites was successful
16-08-2024 17:53:50 [INFO]: Request from /favorites in Favorites was successful.
16-08-2024 17:53:55 [INFO]: Request from /addfavorite in Favorites was successful
16-08-2024 17:53:55 [INFO]: Request from /favorites in Favorites was successful.
16-08-2024 17:53:58 [INFO]: Request from /addfavorite in Favorites was successful.
16-08-2024 17:53:58 [INFO]: Request from /favorites in Favorites was successful.
16-08-2024 18:30:09 [INFO]: Request from /addfavorite in Favorites was successful
16-08-2024 18:30:09 [INFO]: Request from /favorites in Favorites was successful.
16-08-2024 18:30:25 [INFO]: Request from /addfavorite in Favorites was successful
16-08-2024 18:30:25 [INFO]: Request from /favorites in Favorites was successful.
17-08-2024 01:01:42 [INFO]: Request from /favorites in Favorites was successful.
17-08-2024 01:02:54 [INFO]: Request from /addfavorite in Favorites was successful
17-08-2024 01:02:54 [INFO]: Request from /favorites in Favorites was successful.
17-08-2024 01:04:32 [INFO]: Request from /favorites in Favorites was successful.
17-08-2024 01:04:39 [INFO]: Request from /favorites in Favorites was successful.
17-08-2024 01:10:00 [INFO]: Request from /favorites in Favorites was successful.
17-08-2024 01:58:04 [INFO]: Request from /favorites in Favorites was successful.
17-08-2024 01:58:11 [INFO]: Request from /addfavorite in Favorites was successful.
17-08-2024 01:58:11 [INFO]: Request from /favorites in Favorites was successful.
17-08-2024 01:58:17 [INFO]: Request from /addfavorite in Favorites was successful
17-08-2024 01:58:17 [INFO]: Request from /favorites in Favorites was successful.
17-08-2024 02:16:35 [INFO]: Request from /favorites in Favorites was successful.
17-08-2024 02:18:13 [INFO]: Request from /favorites in Favorites was successful.
17-08-2024 02:20:24 [INFO]: Request from /favorites in Favorites was successful.
17-08-2024 02:21:30 [INFO]: Request from /favorites in Favorites was successful.
17-08-2024 02:35:03 [INFO]: Request from /favorites in Favorites was successful.
17-08-2024 02:38:22 [INFO]: Request from /favorites in Favorites was successful.
17-08-2024 02:39:30 [INFO]: Request from /favorites in Favorites was successful.
17-08-2024 03:42:21 [INFO]: Request from /favorites in Favorites was successful.
17-08-2024 03:44:20 [INFO]: Request from /favorites in Favorites was successful.
17-08-2024 03:44:56 [INFO]: Request from /addfavorite in Favorites was successful
17-08-2024 03:44:56 [INFO]: Request from /favorites in Favorites was successful.
17-08-2024 03:45:01 [INFO]: Request from /addfavorite in Favorites was successful.
17-08-2024 03:45:01 [INFO]: Request from /favorites in Favorites was successful.
17-08-2024 03:45:02 [INFO]: Request from /addfavorite in Favorites was successful.
17-08-2024 03:45:02 [INFO]: Request from /favorites in Favorites was successful.
17-08-2024 03:45:02 [INFO]: Request from /addfavorite in Favorites was successful.
17-08-2024 03:45:02 [INFO]: Request from /favorites in Favorites was successful.
17-08-2024 03:45:02 [INFO]: Request from /addfavorite in Favorites was successful.
17-08-2024 03:45:02 [INFO]: Request from /favorites in Favorites was successful.
17-08-2024 03:45:03 [INFO]: Request from /addfavorite in Favorites was successful.
17-08-2024 03:45:03 [INFO]: Request from /favorites in Favorites was successful.
17-08-2024 03:45:19 [INFO]: Request from /addfavorite in Favorites was successful
17-08-2024 03:45:19 [INFO]: Request from /favorites in Favorites was successful.
17-08-2024 03:45:22 [INFO]: Request from /addfavorite in Favorites was successful.
17-08-2024 03:45:22 [INFO]: Request from /favorites in Favorites was successful.
17-08-2024 03:45:22 [INFO]: Request from /addfavorite in Favorites was successful.
17-08-2024 03:45:22 [INFO]: Request from /favorites in Favorites was successful.
17-08-2024 03:45:23 [INFO]: Request from /addfavorite in Favorites was successful.
17-08-2024 03:45:23 [INFO]: Request from /favorites in Favorites was successful.
17-08-2024 03:45:48 [INFO]: Request from /addfavorite in Favorites was successful
17-08-2024 03:45:48 [INFO]: Request from /favorites in Favorites was successful.
17-08-2024 03:46:33 [INFO]: Request from /addfavorite in Favorites was successful.
17-08-2024 03:46:33 [INFO]: Request from /favorites in Favorites was successful.
17-08-2024 03:46:33 [INFO]: Request from /addfavorite in Favorites was successful.
17-08-2024 03:46:33 [INFO]: Request from /favorites in Favorites was successful.
17-08-2024 03:46:33 [INFO]: Request from /addfavorite in Favorites was successful.
17-08-2024 03:46:33 [INFO]: Request from /favorites in Favorites was successful.
17-08-2024 03:46:34 [INFO]: Request from /addfavorite in Favorites was successful
17-08-2024 03:46:34 [INFO]: Request from /favorites in Favorites was successful.
17-08-2024 03:46:36 [INFO]: Request from /addfavorite in Favorites was successful.
17-08-2024 03:46:36 [INFO]: Request from /favorites in Favorites was successful.
17-08-2024 03:46:37 [INFO]: Request from /addfavorite in Favorites was successful.
17-08-2024 03:46:37 [INFO]: Request from /favorites in Favorites was successful.
17-08-2024 03:46:37 [INFO]: Request from /addfavorite in Favorites was successful.
17-08-2024 03:46:37 [INFO]: Request from /favorites in Favorites was successful.
17-08-2024 03:46:37 [INFO]: Request from /addfavorite in Favorites was successful.
17-08-2024 03:46:37 [INFO]: Request from /favorites in Favorites was successful.
17-08-2024 03:46:38 [INFO]: Request from /addfavorite in Favorites was successful
17-08-2024 03:46:38 [INFO]: Request from /favorites in Favorites was successful.
17-08-2024 03:46:39 [INFO]: Request from /addfavorite in Favorites was successful
17-08-2024 03:46:39 [INFO]: Request from /favorites in Favorites was successful.
17-08-2024 03:46:43 [INFO]: Request from /favorites in Favorites was successful.
17-08-2024 03:46:46 [INFO]: Request from /addfavorite in Favorites was successful.
17-08-2024 03:46:46 [INFO]: Request from /favorites in Favorites was successful.
17-08-2024 03:46:46 [INFO]: Request from /addfavorite in Favorites was successful.
17-08-2024 03:46:46 [INFO]: Request from /favorites in Favorites was successful.
17-08-2024 03:46:46 [INFO]: Request from /addfavorite in Favorites was successful.
17-08-2024 03:46:46 [INFO]: Request from /favorites in Favorites was successful.
17-08-2024 03:46:48 [INFO]: Request from /favorites in Favorites was successful.
17-08-2024 03:46:52 [INFO]: Request from /addfavorite in Favorites was successful
17-08-2024 03:46:52 [INFO]: Request from /favorites in Favorites was successful.
17-08-2024 03:47:43 [INFO]: Request from /addfavorite in Favorites was successful.
17-08-2024 03:47:43 [INFO]: Request from /favorites in Favorites was successful.
17-08-2024 03:47:44 [INFO]: Request from /addfavorite in Favorites was successful.
17-08-2024 03:47:44 [INFO]: Request from /favorites in Favorites was successful.
17-08-2024 03:47:44 [INFO]: Request from /addfavorite in Favorites was successful.
17-08-2024 03:47:44 [INFO]: Request from /favorites in Favorites was successful.
17-08-2024 03:47:45 [INFO]: Request from /addfavorite in Favorites was successful.
17-08-2024 03:47:45 [INFO]: Request from /favorites in Favorites was successful.
17-08-2024 03:47:45 [INFO]: Request from /addfavorite in Favorites was successful.
17-08-2024 03:47:45 [INFO]: Request from /favorites in Favorites was successful.
17-08-2024 03:47:46 [INFO]: Request from /favorites in Favorites was successful.
17-08-2024 03:47:47 [INFO]: Request from /favorites in Favorites was successful.
17-08-2024 03:47:48 [INFO]: Request from /favorites in Favorites was successful.
17-08-2024 03:47:48 [INFO]: Request from /favorites in Favorites was successful.
17-08-2024 03:47:48 [INFO]: Request from /favorites in Favorites was successful.
17-08-2024 03:47:48 [INFO]: Request from /favorites in Favorites was successful.
17-08-2024 03:53:40 [INFO]: Request from /favorites in Favorites was successful.
17-08-2024 03:55:02 [INFO]: Request from /addfavorite in Favorites was successful
17-08-2024 03:55:02 [INFO]: Request from /favorites in Favorites was successful.
17-08-2024 03:55:17 [INFO]: Request from /addfavorite in Favorites was successful
17-08-2024 03:55:17 [INFO]: Request from /favorites in Favorites was successful.
17-08-2024 03:55:27 [INFO]: Request from /favorites in Favorites was successful.
17-08-2024 03:55:31 [INFO]: Request from /addfavorite in Favorites was successful
17-08-2024 03:55:31 [INFO]: Request from /favorites in Favorites was successful.
17-08-2024 03:55:37 [INFO]: Request from /addfavorite in Favorites was successful.
17-08-2024 03:55:37 [INFO]: Request from /favorites in Favorites was successful.
17-08-2024 03:55:50 [INFO]: Request from /favorites in Favorites was successful.
17-08-2024 04:02:55 [INFO]: Request from /favorites in Favorites was successful.
17-08-2024 04:02:58 [INFO]: Request from /addfavorite in Favorites was successful
17-08-2024 04:02:58 [INFO]: Request from /favorites in Favorites was successful.
17-08-2024 04:03:02 [INFO]: Request from /addfavorite in Favorites was successful
17-08-2024 04:03:02 [INFO]: Request from /favorites in Favorites was successful.
17-08-2024 04:03:18 [INFO]: Request from /addfavorite in Favorites was successful.
17-08-2024 04:03:18 [INFO]: Request from /favorites in Favorites was successful.
17-08-2024 04:03:48 [INFO]: Request from /addfavorite in Favorites was successful
17-08-2024 04:03:48 [INFO]: Request from /favorites in Favorites was successful.
17-08-2024 04:03:48 [INFO]: Request from /addfavorite in Favorites was successful
17-08-2024 04:03:48 [INFO]: Request from /favorites in Favorites was successful.
17-08-2024 04:03:49 [INFO]: Request from /addfavorite in Favorites was successful.
17-08-2024 04:03:49 [INFO]: Request from /favorites in Favorites was successful.
17-08-2024 04:03:50 [INFO]: Request from /addfavorite in Favorites was successful.
17-08-2024 04:03:50 [INFO]: Request from /favorites in Favorites was successful.
17-08-2024 04:03:56 [INFO]: Request from /addfavorite in Favorites was successful
17-08-2024 04:03:56 [INFO]: Request from /favorites in Favorites was successful.
17-08-2024 04:03:56 [INFO]: Request from /addfavorite in Favorites was successful
17-08-2024 04:03:56 [INFO]: Request from /favorites in Favorites was successful.
17-08-2024 04:03:58 [INFO]: Request from /addfavorite in Favorites was successful
17-08-2024 04:03:58 [INFO]: Request from /favorites in Favorites was successful.
17-08-2024 04:04:00 [INFO]: Request from /addfavorite in Favorites was successful
17-08-2024 04:04:00 [INFO]: Request from /favorites in Favorites was successful.
17-08-2024 04:04:01 [INFO]: Request from /addfavorite in Favorites was successful
17-08-2024 04:04:01 [INFO]: Request from /favorites in Favorites was successful.
17-08-2024 04:04:02 [INFO]: Request from /addfavorite in Favorites was successful.
17-08-2024 04:04:02 [INFO]: Request from /favorites in Favorites was successful.
17-08-2024 04:04:03 [INFO]: Request from /addfavorite in Favorites was successful.
17-08-2024 04:04:03 [INFO]: Request from /favorites in Favorites was successful.
17-08-2024 04:04:04 [INFO]: Request from /addfavorite in Favorites was successful.
17-08-2024 04:04:04 [INFO]: Request from /favorites in Favorites was successful.
17-08-2024 04:04:05 [INFO]: Request from /addfavorite in Favorites was successful.
17-08-2024 04:04:05 [INFO]: Request from /favorites in Favorites was successful.
17-08-2024 04:04:07 [INFO]: Request from /addfavorite in Favorites was successful
17-08-2024 04:04:07 [INFO]: Request from /favorites in Favorites was successful.
17-08-2024 04:04:07 [INFO]: Request from /addfavorite in Favorites was successful
17-08-2024 04:04:07 [INFO]: Request from /favorites in Favorites was successful.
17-08-2024 04:04:11 [INFO]: Request from /addfavorite in Favorites was successful
17-08-2024 04:04:11 [INFO]: Request from /favorites in Favorites was successful.
17-08-2024 04:04:13 [INFO]: Request from /addfavorite in Favorites was successful
17-08-2024 04:04:13 [INFO]: Request from /favorites in Favorites was successful.
17-08-2024 04:04:15 [INFO]: Request from /addfavorite in Favorites was successful
17-08-2024 04:04:15 [INFO]: Request from /favorites in Favorites was successful.
17-08-2024 04:04:17 [INFO]: Request from /addfavorite in Favorites was successful.
17-08-2024 04:04:17 [INFO]: Request from /favorites in Favorites was successful.
17-08-2024 04:04:17 [INFO]: Request from /addfavorite in Favorites was successful.
17-08-2024 04:04:17 [INFO]: Request from /favorites in Favorites was successful.
17-08-2024 04:04:18 [INFO]: Request from /addfavorite in Favorites was successful.
17-08-2024 04:04:18 [INFO]: Request from /favorites in Favorites was successful.
17-08-2024 04:04:19 [INFO]: Request from /addfavorite in Favorites was successful.
17-08-2024 04:04:19 [INFO]: Request from /favorites in Favorites was successful.
17-08-2024 04:04:20 [INFO]: Request from /addfavorite in Favorites was successful.
17-08-2024 04:04:20 [INFO]: Request from /favorites in Favorites was successful.
