16-08-2024 16:25:50 [INFO]: Request from /api/pokedex/treecko in PokeDex was successful.
16-08-2024 16:25:57 [INFO]: Request from /api/pokedex/lugia in PokeDex was successful.
16-08-2024 17:07:45 [INFO]: Request from /api/pokedex/lugia in PokeDex was successful.
16-08-2024 17:07:50 [INFO]: Request from /api/pokedex/lugia in PokeDex was successful.
16-08-2024 17:40:08 [INFO]: Request from /api/pokedex/snivy in PokeDex was successful.
16-08-2024 17:40:09 [INFO]: Request from /api/pokedex/snivy in PokeDex was successful.
16-08-2024 17:40:14 [INFO]: Request from /api/pokedex/lugia in PokeDex was successful.
16-08-2024 17:40:26 [INFO]: Request from /api/pokedex/mew in PokeDex was successful.
16-08-2024 17:40:27 [INFO]: Request from /api/pokedex/mew in PokeDex was successful.
16-08-2024 17:43:06 [INFO]: Request from /api/pokedex/servine in PokeDex was successful.
16-08-2024 17:43:07 [INFO]: Request from /api/pokedex/servine in PokeDex was successful.
16-08-2024 17:44:26 [INFO]: Request from /api/pokedex/servine in PokeDex was successful.
16-08-2024 17:44:29 [INFO]: Request from /api/pokedex/decidueye in PokeDex was successful.
16-08-2024 17:44:32 [INFO]: Request from /api/pokedex/rowlet in PokeDex was successful.
16-08-2024 17:44:33 [INFO]: Request from /api/pokedex/rowlet in PokeDex was successful.
16-08-2024 17:45:20 [INFO]: Request from /api/pokedex/brionne in PokeDex was successful.
16-08-2024 17:45:21 [INFO]: Request from /api/pokedex/brionne in PokeDex was successful.
16-08-2024 17:48:09 [INFO]: Request from /api/pokedex/charizard in PokeDex was successful.
16-08-2024 17:48:10 [INFO]: Request from /api/pokedex/charizard in PokeDex was successful.
16-08-2024 17:48:14 [INFO]: Request from /api/pokedex/pineco in PokeDex was successful.
16-08-2024 17:48:15 [INFO]: Request from /api/pokedex/pineco in PokeDex was successful.
16-08-2024 17:49:29 [INFO]: Request from /api/pokedex/prinplup in PokeDex was successful.
16-08-2024 17:49:30 [INFO]: Request from /api/pokedex/prinplup in PokeDex was successful.
16-08-2024 17:49:33 [INFO]: Request from /api/pokedex/tepig in PokeDex was successful.
16-08-2024 17:49:33 [INFO]: Request from /api/pokedex/tepig in PokeDex was successful.
16-08-2024 17:49:35 [INFO]: Request from /api/pokedex/graveler in PokeDex was successful.
16-08-2024 17:49:36 [INFO]: Request from /api/pokedex/graveler in PokeDex was successful.
16-08-2024 17:49:39 [INFO]: Request from /api/pokedex/abra in PokeDex was successful.
16-08-2024 17:49:39 [INFO]: Request from /api/pokedex/abra in PokeDex was successful.
16-08-2024 17:49:46 [INFO]: Request from /api/pokedex/gengar in PokeDex was successful.
16-08-2024 17:49:47 [INFO]: Request from /api/pokedex/gengar in PokeDex was successful.
16-08-2024 17:49:50 [INFO]: Request from /api/pokedex/numel in PokeDex was successful.
16-08-2024 17:49:51 [INFO]: Request from /api/pokedex/numel in PokeDex was successful.
16-08-2024 17:49:56 [INFO]: Request from /api/pokedex/rayquaza in PokeDex was successful.
16-08-2024 17:49:57 [INFO]: Request from /api/pokedex/rayquaza in PokeDex was successful.
16-08-2024 17:50:04 [INFO]: Request from /api/pokedex/jirachi in PokeDex was successful.
16-08-2024 17:50:04 [INFO]: Request from /api/pokedex/jirachi in PokeDex was successful.
16-08-2024 17:52:09 [INFO]: Request from /api/pokedex/victini in PokeDex was successful.
16-08-2024 17:52:36 [INFO]: Request from /api/pokedex/lugia in PokeDex was successful.
16-08-2024 17:52:46 [INFO]: Request from /api/pokedex/gurdurr in PokeDex was successful.
16-08-2024 17:52:48 [INFO]: Request from /api/pokedex/prinplup in PokeDex was successful.
16-08-2024 17:52:50 [INFO]: Request from /api/pokedex/mudkip in PokeDex was successful.
16-08-2024 17:52:51 [INFO]: Request from /api/pokedex/squirtle in PokeDex was successful.
16-08-2024 17:52:54 [INFO]: Request from /api/pokedex/raikou in PokeDex was successful.
16-08-2024 17:53:04 [INFO]: Request from /api/pokedex/raikou in PokeDex was successful.
16-08-2024 17:53:08 [INFO]: Request from /api/pokedex/lugia in PokeDex was successful.
16-08-2024 17:53:11 [INFO]: Request from /api/pokedex/fennekin in PokeDex was successful.
16-08-2024 17:53:12 [INFO]: Request from /api/pokedex/fennekin in PokeDex was successful.
16-08-2024 17:53:13 [INFO]: Request from /api/pokedex/unfezant in PokeDex was successful.
16-08-2024 17:53:14 [INFO]: Request from /api/pokedex/unfezant in PokeDex was successful.
16-08-2024 17:53:15 [INFO]: Request from /api/pokedex/panpour in PokeDex was successful.
16-08-2024 17:53:16 [INFO]: Request from /api/pokedex/panpour in PokeDex was successful.
16-08-2024 17:53:17 [INFO]: Request from /api/pokedex/trumbeak in PokeDex was successful.
16-08-2024 17:53:18 [INFO]: Request from /api/pokedex/trumbeak in PokeDex was successful.
16-08-2024 17:53:36 [INFO]: Request from /api/pokedex/lugia in PokeDex was successful.
16-08-2024 17:53:40 [INFO]: Request from /api/pokedex/kommo-o in PokeDex was successful.
16-08-2024 17:53:41 [INFO]: Request from /api/pokedex/kommo-o in PokeDex was successful.
16-08-2024 17:53:49 [INFO]: Request from /api/pokedex/horsea in PokeDex was successful.
16-08-2024 17:53:50 [INFO]: Request from /api/pokedex/horsea in PokeDex was successful.
16-08-2024 17:53:54 [INFO]: Request from /api/pokedex/mew in PokeDex was successful.
16-08-2024 17:53:55 [INFO]: Request from /api/pokedex/mew in PokeDex was successful.
16-08-2024 18:30:07 [INFO]: Request from /api/pokedex/jolteon in PokeDex was successful.
16-08-2024 18:30:09 [INFO]: Request from /api/pokedex/jolteon in PokeDex was successful.
16-08-2024 18:30:13 [INFO]: Request from /api/pokedex/roggenrola in PokeDex was successful.
16-08-2024 18:30:23 [INFO]: Request from /api/pokedex/beldum in PokeDex was successful.
16-08-2024 18:30:25 [INFO]: Request from /api/pokedex/beldum in PokeDex was successful.
17-08-2024 01:02:52 [INFO]: Request from /api/pokedex/tepig in PokeDex was successful.
17-08-2024 01:02:54 [INFO]: Request from /api/pokedex/tepig in PokeDex was successful.
17-08-2024 01:10:02 [INFO]: Request from /api/pokedex/torracat in PokeDex was successful.
17-08-2024 01:44:38 [INFO]: Request from /api/pokedex/pignite in PokeDex was successful.
17-08-2024 01:57:13 [INFO]: Request from /api/pokedex/tepig in PokeDex was successful.
17-08-2024 01:58:07 [INFO]: Request from /api/pokedex/bayleef in PokeDex was successful.
17-08-2024 01:58:09 [INFO]: Request from /api/pokedex/mew in PokeDex was successful.
17-08-2024 01:58:16 [INFO]: Request from /api/pokedex/lugia in PokeDex was successful.
17-08-2024 01:58:17 [INFO]: Request from /api/pokedex/lugia in PokeDex was successful.
17-08-2024 02:21:31 [INFO]: Request from /api/pokedex/bayleef in PokeDex was successful.
17-08-2024 03:44:39 [INFO]: Request from /api/pokedex/rowlet in PokeDex was successful.
17-08-2024 03:44:56 [INFO]: Request from /api/pokedex/rowlet in PokeDex was successful.
17-08-2024 03:45:07 [INFO]: Request from /api/pokedex/mew in PokeDex was successful.
17-08-2024 03:45:15 [INFO]: Request from /api/pokedex/wooper in PokeDex was successful.
17-08-2024 03:45:19 [INFO]: Request from /api/pokedex/wooper in PokeDex was successful.
17-08-2024 03:45:48 [INFO]: Request from /api/pokedex/wooper in PokeDex was successful.
17-08-2024 03:46:34 [INFO]: Request from /api/pokedex/wooper in PokeDex was successful.
17-08-2024 03:46:38 [INFO]: Request from /api/pokedex/wooper in PokeDex was successful.
17-08-2024 03:46:39 [INFO]: Request from /api/pokedex/rowlet in PokeDex was successful.
17-08-2024 03:46:52 [INFO]: Request from /api/pokedex/mew in PokeDex was successful.
17-08-2024 03:46:52 [INFO]: Request from /api/pokedex/mew in PokeDex was successful.
17-08-2024 03:54:32 [INFO]: Request from /api/pokedex/chikorita in PokeDex was successful.
17-08-2024 03:54:49 [INFO]: Request from /api/pokedex/golduck in PokeDex was successful.
17-08-2024 03:54:52 [INFO]: Request from /api/pokedex/mightyena in PokeDex was successful.
17-08-2024 03:54:54 [INFO]: Request from /api/pokedex/primarina in PokeDex was successful.
17-08-2024 03:54:57 [INFO]: Request from /api/pokedex/grookey in PokeDex was successful.
17-08-2024 03:55:02 [INFO]: Request from /api/pokedex/grookey in PokeDex was successful.
17-08-2024 03:55:08 [INFO]: Request from /api/pokedex/mew in PokeDex was successful.
17-08-2024 03:55:13 [INFO]: Request from /api/pokedex/lugia in PokeDex was successful.
17-08-2024 03:55:17 [INFO]: Request from /api/pokedex/lugia in PokeDex was successful.
17-08-2024 03:55:30 [INFO]: Request from /api/pokedex/raboot in PokeDex was successful.
17-08-2024 03:55:31 [INFO]: Request from /api/pokedex/raboot in PokeDex was successful.
17-08-2024 04:02:57 [INFO]: Request from /api/pokedex/bulbasaur in PokeDex was successful.
17-08-2024 04:02:58 [INFO]: Request from /api/pokedex/bulbasaur in PokeDex was successful.
17-08-2024 04:03:01 [INFO]: Request from /api/pokedex/bayleef in PokeDex was successful.
17-08-2024 04:03:02 [INFO]: Request from /api/pokedex/bayleef in PokeDex was successful.
17-08-2024 04:03:46 [INFO]: Request from /api/pokedex/mew in PokeDex was successful.
17-08-2024 04:03:48 [INFO]: Request from /api/pokedex/mew in PokeDex was successful.
17-08-2024 04:03:48 [INFO]: Request from /api/pokedex/bayleef in PokeDex was successful.
17-08-2024 04:03:53 [INFO]: Request from /api/pokedex/mew in PokeDex was successful.
17-08-2024 04:03:56 [INFO]: Request from /api/pokedex/mew in PokeDex was successful.
17-08-2024 04:03:56 [INFO]: Request from /api/pokedex/bayleef in PokeDex was successful.
17-08-2024 04:03:57 [INFO]: Request from /api/pokedex/snivy in PokeDex was successful.
17-08-2024 04:03:58 [INFO]: Request from /api/pokedex/snivy in PokeDex was successful.
17-08-2024 04:03:59 [INFO]: Request from /api/pokedex/monferno in PokeDex was successful.
17-08-2024 04:03:59 [INFO]: Request from /api/pokedex/monferno in PokeDex was successful.
17-08-2024 04:04:01 [INFO]: Request from /api/pokedex/blaziken in PokeDex was successful.
17-08-2024 04:04:01 [INFO]: Request from /api/pokedex/blaziken in PokeDex was successful.
17-08-2024 04:04:06 [INFO]: Request from /api/pokedex/sceptile in PokeDex was successful.
17-08-2024 04:04:07 [INFO]: Request from /api/pokedex/sceptile in PokeDex was successful.
17-08-2024 04:04:07 [INFO]: Request from /api/pokedex/sceptile in PokeDex was successful.
17-08-2024 04:04:10 [INFO]: Request from /api/pokedex/totodile in PokeDex was successful.
17-08-2024 04:04:11 [INFO]: Request from /api/pokedex/totodile in PokeDex was successful.
17-08-2024 04:04:13 [INFO]: Request from /api/pokedex/wartortle in PokeDex was successful.
17-08-2024 04:04:13 [INFO]: Request from /api/pokedex/wartortle in PokeDex was successful.
17-08-2024 04:04:15 [INFO]: Request from /api/pokedex/froakie in PokeDex was successful.
17-08-2024 04:04:15 [INFO]: Request from /api/pokedex/froakie in PokeDex was successful.
